Arguments: 
  /Users/bgiraldo/.nvm/versions/node/v10.6.0/bin/node /Users/bgiraldo/.nvm/versions/node/v10.6.0/bin/yarn i -D typescript

PATH: 
  /Users/bgiraldo/.nvm/versions/node/v10.6.0/bin:/usr/local/bin:/usr/bin:/bin:/usr/sbin:/sbin

Yarn version: 
  1.5.1

Node version: 
  10.6.0

Platform: 
  darwin x64

npm manifest: 
  {
    "name": "nichedt.github.io",
    "version": "1.0.0",
    "description": "website",
    "main": "index.js",
    "repository": "https://github.com/nichedt/nichedt.github.io",
    "license": "MIT"
  }

yarn manifest: 
  No manifest

Lockfile: 
  No lockfile

Trace: 
  Error: Command "i" not found.
      at new MessageError (/Users/bgiraldo/.nvm/versions/node/v10.6.0/lib/node_modules/yarn/lib/cli.js:186:110)
      at /Users/bgiraldo/.nvm/versions/node/v10.6.0/lib/node_modules/yarn/lib/cli.js:87307:17
      at Generator.next (<anonymous>)
      at step (/Users/bgiraldo/.nvm/versions/node/v10.6.0/lib/node_modules/yarn/lib/cli.js:98:30)
      at /Users/bgiraldo/.nvm/versions/node/v10.6.0/lib/node_modules/yarn/lib/cli.js:116:14
      at new Promise (<anonymous>)
      at new F (/Users/bgiraldo/.nvm/versions/node/v10.6.0/lib/node_modules/yarn/lib/cli.js:23451:28)
      at /Users/bgiraldo/.nvm/versions/node/v10.6.0/lib/node_modules/yarn/lib/cli.js:95:12
      at runCommand (/Users/bgiraldo/.nvm/versions/node/v10.6.0/lib/node_modules/yarn/lib/cli.js:87312:22)
      at Object.<anonymous> (/Users/bgiraldo/.nvm/versions/node/v10.6.0/lib/node_modules/yarn/lib/cli.js:87412:14)
